TN:
SF:index.ts
FN:14,(anonymous_7)
FN:24,(anonymous_8)
FN:25,(anonymous_9)
FN:26,(anonymous_10)
FN:41,(anonymous_11)
FN:43,(anonymous_12)
FN:56,getHeaders
FN:67,(anonymous_15)
FN:95,write
FN:134,(anonymous_18)
FN:134,(anonymous_19)
FN:135,(anonymous_20)
FN:135,(anonymous_21)
FN:136,(anonymous_22)
FN:136,(anonymous_23)
FN:137,(anonymous_24)
FN:137,(anonymous_25)
FN:138,(anonymous_26)
FN:138,(anonymous_27)
FN:139,(anonymous_28)
FN:139,(anonymous_29)
FN:140,(anonymous_30)
FN:140,(anonymous_31)
FN:141,(anonymous_32)
FN:141,(anonymous_33)
FN:142,(anonymous_34)
FN:142,(anonymous_35)
FN:143,(anonymous_36)
FN:143,(anonymous_37)
FN:144,(anonymous_38)
FN:144,(anonymous_39)
FN:145,(anonymous_40)
FN:145,(anonymous_41)
FN:148,(anonymous_42)
FN:152,(anonymous_43)
FN:177,(anonymous_44)
FN:195,(anonymous_45)
FN:201,(anonymous_46)
FN:212,(anonymous_47)
FN:225,(anonymous_49)
FN:245,(anonymous_50)
FN:250,(anonymous_52)
FN:257,(anonymous_53)
FN:270,(anonymous_54)
FN:283,(anonymous_55)
FN:288,(anonymous_57)
FN:296,(anonymous_58)
FN:305,(anonymous_59)
FN:315,(anonymous_60)
FN:319,(anonymous_61)
FN:320,(anonymous_62)
FN:339,(anonymous_63)
FN:362,(anonymous_65)
FN:369,(anonymous_67)
FNF:54
FNH:20
FNDA:4,(anonymous_7)
FNDA:2,(anonymous_8)
FNDA:4,(anonymous_9)
FNDA:6,(anonymous_10)
FNDA:0,(anonymous_11)
FNDA:0,(anonymous_12)
FNDA:1,getHeaders
FNDA:2,(anonymous_15)
FNDA:0,write
FNDA:0,(anonymous_18)
FNDA:0,(anonymous_19)
FNDA:0,(anonymous_20)
FNDA:0,(anonymous_21)
FNDA:0,(anonymous_22)
FNDA:0,(anonymous_23)
FNDA:0,(anonymous_24)
FNDA:0,(anonymous_25)
FNDA:0,(anonymous_26)
FNDA:0,(anonymous_27)
FNDA:0,(anonymous_28)
FNDA:0,(anonymous_29)
FNDA:0,(anonymous_30)
FNDA:0,(anonymous_31)
FNDA:0,(anonymous_32)
FNDA:0,(anonymous_33)
FNDA:5,(anonymous_34)
FNDA:5,(anonymous_35)
FNDA:0,(anonymous_36)
FNDA:0,(anonymous_37)
FNDA:0,(anonymous_38)
FNDA:0,(anonymous_39)
FNDA:0,(anonymous_40)
FNDA:0,(anonymous_41)
FNDA:5,(anonymous_42)
FNDA:5,(anonymous_43)
FNDA:6,(anonymous_44)
FNDA:3,(anonymous_45)
FNDA:3,(anonymous_46)
FNDA:0,(anonymous_47)
FNDA:0,(anonymous_49)
FNDA:0,(anonymous_50)
FNDA:0,(anonymous_52)
FNDA:0,(anonymous_53)
FNDA:0,(anonymous_54)
FNDA:1,(anonymous_55)
FNDA:1,(anonymous_57)
FNDA:5,(anonymous_58)
FNDA:2,(anonymous_59)
FNDA:2,(anonymous_60)
FNDA:2,(anonymous_61)
FNDA:4,(anonymous_62)
FNDA:0,(anonymous_63)
FNDA:0,(anonymous_65)
FNDA:0,(anonymous_67)
DA:2,1
DA:3,1
DA:12,1
DA:14,1
DA:15,4
DA:24,1
DA:25,2
DA:26,6
DA:27,4
DA:28,4
DA:29,4
DA:41,1
DA:42,0
DA:43,0
DA:44,0
DA:45,0
DA:47,0
DA:57,1
DA:58,1
DA:59,1
DA:64,1
DA:66,1
DA:67,1
DA:68,2
DA:71,0
DA:72,0
DA:75,0
DA:76,0
DA:96,0
DA:97,0
DA:98,0
DA:99,0
DA:100,0
DA:112,0
DA:113,0
DA:115,0
DA:116,0
DA:133,1
DA:134,0
DA:135,0
DA:136,0
DA:137,0
DA:138,0
DA:139,0
DA:140,0
DA:141,0
DA:142,5
DA:143,0
DA:144,0
DA:145,0
DA:148,1
DA:149,5
DA:150,0
DA:152,5
DA:153,5
DA:154,5
DA:167,1
DA:169,6
DA:170,1
DA:178,6
DA:180,6
DA:185,6
DA:186,6
DA:196,3
DA:197,3
DA:198,3
DA:202,3
DA:213,0
DA:214,0
DA:215,0
DA:220,0
DA:221,0
DA:223,0
DA:224,0
DA:225,0
DA:226,0
DA:227,0
DA:246,0
DA:247,0
DA:248,0
DA:249,0
DA:250,0
DA:251,0
DA:252,0
DA:253,0
DA:257,0
DA:258,0
DA:259,0
DA:261,0
DA:262,0
DA:267,0
DA:268,0
DA:270,0
DA:271,0
DA:272,0
DA:274,0
DA:284,1
DA:285,1
DA:286,1
DA:287,1
DA:288,1
DA:289,1
DA:291,1
DA:292,1
DA:296,1
DA:297,5
DA:298,2
DA:300,5
DA:302,1
DA:303,0
DA:305,2
DA:306,1
DA:307,1
DA:312,1
DA:313,0
DA:315,1
DA:316,2
DA:319,1
DA:320,4
DA:321,2
DA:322,2
DA:325,0
DA:326,0
DA:340,0
DA:342,0
DA:344,0
DA:345,0
DA:348,0
DA:349,0
DA:350,0
DA:363,0
DA:364,0
DA:366,0
DA:367,0
DA:369,0
DA:370,0
DA:371,0
DA:372,0
DA:375,0
LF:139
LH:60
BRDA:27,0,0,0
BRDA:27,0,1,4
BRDA:27,1,0,4
BRDA:27,1,1,4
BRDA:44,2,0,0
BRDA:44,2,1,0
BRDA:44,2,2,0
BRDA:45,3,0,0
BRDA:45,3,1,0
BRDA:66,4,0,1
BRDA:66,4,1,0
BRDA:98,5,0,0
BRDA:98,5,1,0
BRDA:136,6,0,0
BRDA:136,6,1,0
BRDA:137,7,0,0
BRDA:137,7,1,0
BRDA:138,8,0,0
BRDA:138,8,1,0
BRDA:139,9,0,0
BRDA:139,9,1,0
BRDA:140,10,0,0
BRDA:140,10,1,0
BRDA:141,11,0,0
BRDA:141,11,1,0
BRDA:142,12,0,5
BRDA:142,12,1,5
BRDA:143,13,0,0
BRDA:143,13,1,0
BRDA:144,14,0,0
BRDA:144,14,1,0
BRDA:145,15,0,0
BRDA:145,15,1,0
BRDA:149,16,0,0
BRDA:220,17,0,0
BRDA:251,18,0,0
BRDA:251,18,1,0
BRDA:251,19,0,0
BRDA:251,19,1,0
BRDA:251,20,0,0
BRDA:251,20,1,0
BRDA:251,21,0,0
BRDA:251,21,1,0
BRDA:257,22,0,0
BRDA:257,22,1,0
BRDA:257,23,0,0
BRDA:257,23,1,0
BRDA:258,24,0,0
BRDA:258,25,0,0
BRDA:258,25,1,0
BRDA:267,26,0,0
BRDA:270,27,0,0
BRDA:270,27,1,0
BRDA:289,28,0,0
BRDA:289,28,1,1
BRDA:289,29,0,1
BRDA:289,29,1,1
BRDA:289,30,0,0
BRDA:289,30,1,1
BRDA:289,31,0,1
BRDA:289,31,1,1
BRDA:296,32,0,0
BRDA:296,32,1,1
BRDA:296,33,0,1
BRDA:296,33,1,1
BRDA:297,34,0,2
BRDA:302,35,0,0
BRDA:302,36,0,1
BRDA:302,36,1,1
BRDA:312,37,0,0
BRDA:320,38,0,0
BRDA:320,38,1,4
BRDA:321,39,0,2
BRDA:321,39,1,0
BRDA:344,40,0,0
BRDA:366,41,0,0
BRF:76
BRH:20
end_of_record
